10-16-1996
[ToolBox Licensee]
User=Staff
Company=VISI
SerialNumber=0000.0000.0000
InstallationCharacteristics=2386347

10-16-1996
[ToolBox Licensee]
User=Staff
Company=VISI
SerialNumber=0000.0000.0000
InstallationCharacteristics=2386347

01-09-2012
[ToolBox Licensee]
User=Anthony Pino
Company=Hill AFB
SerialNumber=0300.0002.9472
InstallationCharacteristics=6426930

01-09-2012
[ToolBox Licensee]
User=Anthony Pino
Company=Hill AFB
SerialNumber=0300.0002.9583
InstallationCharacteristics=6439467

